<?xml version="1.0" encoding="UTF-8"?>
<testng-results ignored="0" total="1" passed="1" failed="0" skipped="0">
  <reporter-output>
  </reporter-output>
  <suite started-at="2025-03-11T13:11:59 IST" name="Default suite" finished-at="2025-03-11T13:12:17 IST" duration-ms="18214">
    <groups>
    </groups>
    <test started-at="2025-03-11T13:11:59 IST" name="Default test" finished-at="2025-03-11T13:12:17 IST" duration-ms="18214">
      <class name="MobileTesting.Appium">
        <test-method is-config="true" signature="drivers()[pri:0, instance:MobileTesting.Appium@7817fd62]" started-at="2025-03-11T13:11:59 IST" name="drivers" finished-at="2025-03-11T13:12:07 IST" duration-ms="7624" status="PASS">
          <reporter-output>
          </reporter-output>
        </test-method> <!-- drivers -->
        <test-method signature="AppiumTest()[pri:0, instance:MobileTesting.Appium@7817fd62]" started-at="2025-03-11T13:12:07 IST" name="AppiumTest" finished-at="2025-03-11T13:12:16 IST" duration-ms="9572" status="PASS">
          <reporter-output>
          </reporter-output>
        </test-method> <!-- AppiumTest -->
        <test-method is-config="true" signature="close()[pri:0, instance:MobileTesting.Appium@7817fd62]" started-at="2025-03-11T13:12:16 IST" name="close" finished-at="2025-03-11T13:12:17 IST" duration-ms="970" status="PASS">
          <reporter-output>
          </reporter-output>
        </test-method> <!-- close -->
      </class> <!-- MobileTesting.Appium -->
    </test> <!-- Default test -->
  </suite> <!-- Default suite -->
</testng-results>
